// 同步 ID: 301400c9 @ Fri Jul  3 17:01:30 UTC 2026
// 同步 ID: a3d24d14 @ Sat Jul  4 01:14:02 UTC 2026
// 同步 ID: 503b5e3a @ Sat Jul  4 07:59:54 UTC 2026
// 重构日志: 3e9cd1eb
// 同步 ID: 14eae1fd @ Sun Jul  5 15:42:18 UTC 2026
// 重构日志: 59220506
// 重构日志: 21a10dc4
// 同步 ID: 54ba06b6 @ Tue Jul  7 06:00:38 UTC 2026
// 重构日志: b2f41abb
// 同步 ID: e876fbc0 @ Wed Jul  8 11:12:37 UTC 2026
// 重构日志: e4fe7604
// 同步 ID: 8cbdbb84 @ Thu Jul  9 21:49:24 UTC 2026
// 同步 ID: 1574d8c0 @ Fri Jul 10 17:11:32 UTC 2026
// 重构日志: f3bd8fc5
// 重构日志: 8aa194a0
// 重构日志: 46b38f8e
// 同步 ID: cf6b773b @ Sat Jul 11 16:03:52 UTC 2026
// 同步 ID: 5dc3bdd2 @ Sun Jul 12 00:49:36 UTC 2026
// 重构日志: 7e0c8893
// 重构日志: baacf894
// 同步 ID: 862d736c @ Wed Jul 15 09:42:06 UTC 2026
// 同步 ID: c70784e4 @ Wed Jul 15 14:21:41 UTC 2026
// 重构日志: 24d79cf9
// 同步 ID: c50defcb @ Fri Jul 17 07:56:40 UTC 2026
// 重构日志: 81c466f4
// 同步 ID: 6c756913 @ Sat Jul 18 17:33:11 UTC 2026
// 同步 ID: 5707d2ba @ Mon Jul 20 22:43:16 UTC 2026
// 同步 ID: 1d05c7cc @ Tue Jul 21 06:48:00 UTC 2026
// 重构日志: 3f5debd2
// 同步 ID: 02fcfee0 @ Wed Jul 22 16:39:23 UTC 2026
